<?xml version="1.0" encoding="UTF-8"?>
<!-- Generated by org.testng.reporters.JUnitReportReporter -->
<testsuite hostname="DESKTOP-1RK34N8" failures="0" tests="1" name="runner.RunnerforEbay" time="28.454" errors="0" timestamp="2024-02-20T19:39:21 NZDT" skipped="0">
  <testcase classname="runner.RunnerforEbay" name="runScenario" time="28.454"/>
  <system-out/>
</testsuite> <!-- runner.RunnerforEbay -->
